This is pdfTeX, Version 3.14159265-2.6-1.40.15 (TeX Live 2014) (preloaded format=pdflatex 2014.8.1)  1 AUG 2014 05:45
entering extended mode
 restricted \write18 enabled.
 file:line:error style messages enabled.
 %&-line parsing enabled.
**layout_e.tex
(./layout_e.tex
LaTeX2e <2014/05/01>
Babel <3.9k> and hyphenation patterns for 78 languages loaded.
(/usr/local/texlive/2014/texmf-dist/tex/latex/refman/refart.cls
Document Class: refart 2006/11/13 v2.0e LaTeX document class
\papermarginwidth=\skip41
(/usr/local/texlive/2014/texmf-dist/tex/latex/base/size10.clo
File: size10.clo 2007/10/19 v1.4h Standard LaTeX file (size option)
)
\leftmarginwidth=\dimen102
\fullwidth=\dimen103
\emptyfoottopmargin=\dimen104
\emptyheadtopmargin=\dimen105
\c@part=\count79
\c@section=\count80
\c@subsection=\count81
\c@subsubsection=\count82
\c@paragraph=\count83
\c@subparagraph=\count84
\c@figure=\count85
\c@table=\count86
\abovecaptionskip=\skip42
\belowcaptionskip=\skip43
\bibindent=\dimen106
)
(/usr/local/texlive/2014/texmf-dist/tex/latex/base/makeidx.sty
Package: makeidx 2000/03/29 v1.0m Standard LaTeX package
)
(/usr/local/texlive/2014/texmf-dist/tex/latex/base/ifthen.sty
Package: ifthen 2001/05/26 v1.1c Standard LaTeX ifthen package (DPC)
)
\@indexfile=\write3
\openout3 = `layout_e.idx'.


Writing index file layout_e.idx
(./layout_e.aux)
\openout1 = `layout_e.aux'.

LaTeX Font Info:    Checking defaults for OML/cmm/m/it on input line 39.
LaTeX Font Info:    ... okay on input line 39.
LaTeX Font Info:    Checking defaults for T1/cmr/m/n on input line 39.
LaTeX Font Info:    ... okay on input line 39.
LaTeX Font Info:    Checking defaults for OT1/cmr/m/n on input line 39.
LaTeX Font Info:    ... okay on input line 39.
LaTeX Font Info:    Checking defaults for OMS/cmsy/m/n on input line 39.
LaTeX Font Info:    ... okay on input line 39.
LaTeX Font Info:    Checking defaults for OMX/cmex/m/n on input line 39.
LaTeX Font Info:    ... okay on input line 39.
LaTeX Font Info:    Checking defaults for U/cmr/m/n on input line 39.
LaTeX Font Info:    ... okay on input line 39.
LaTeX Font Info:    External font `cmex10' loaded for size
(Font)              <14.4> on input line 41.
LaTeX Font Info:    External font `cmex10' loaded for size
(Font)              <7> on input line 41.
LaTeX Font Info:    External font `cmex10' loaded for size
(Font)              <5> on input line 41.
LaTeX Font Info:    External font `cmex10' loaded for size
(Font)              <8> on input line 41.
LaTeX Font Info:    External font `cmex10' loaded for size
(Font)              <6> on input line 41.
LaTeX Font Info:    External font `cmex10' loaded for size
(Font)              <9> on input line 45.
 (./layout_e.toc [1

{/Users/jyang/Library/texlive/2014/texmf-var/fonts/map/pdftex/updmap/pdftex.map
}])
\tf@toc=\write4
\openout4 = `layout_e.toc'.

 [2] [3]
LaTeX Font Info:    External font `cmex10' loaded for size
(Font)              <12> on input line 158.
LaTeX Font Info:    Try loading font information for OMS+cmr on input line 234.


(/usr/local/texlive/2014/texmf-dist/tex/latex/base/omscmr.fd
File: omscmr.fd 1999/05/25 v2.5h Standard LaTeX font definitions
)
LaTeX Font Info:    Font shape `OMS/cmr/m/n' in size <10> not available
(Font)              Font shape `OMS/cmsy/m/n' tried instead on input line 234.
 [4]
Overfull \hbox (7.97237pt too wide) in paragraph at lines 282--282
 []\OT1/cmr/m/n/10 Disadvantages:
 []

[5] [6] [7] [8] [9]
Underfull \hbox (badness 4181) in paragraph at lines 665--665
[]$\OMS/cmsy/m/n/9 !$ \OT1/cmr/m/n/9 Ap-pendix
 []

(./lay_e2.tex [10]
Overfull \hbox (14.46167pt too wide) in paragraph at lines 28--32
\OT1/cmtt/m/n/10 \columnwidth \OT1/cmr/m/n/10 each and a space of \OT1/cmtt/m/n
/10 \columnsep \OT1/cmr/m/n/10 be-tween them. Thus the \OT1/cmtt/m/n/10 \column
width
 []


Overfull \hbox (17.62949pt too wide) in paragraph at lines 70--74
[]\OT1/cmr/m/n/10 Margin notes are in-side the left or right mar-gin. They have
 a width of \OT1/cmtt/m/n/10 \marginparwidth
 []

[11

] [12]
\T=\count87
 [13] [14



]
Overfull \hbox (4.94377pt too wide) in paragraph at lines 556--559
\OT1/cmr/m/n/10 Paragraphs are sep-a-rated by a ver-ti-cal space (\OT1/cmtt/m/n
/10 \parskip\OT1/cmr/m/n/10 ) of half a line ([]\OT1/cmtt/m/n/10 0.5\baselinesk
ip\OT1/cmr/m/n/10 )
 []

[15]
Overfull \hbox (25.66618pt too wide) in paragraph at lines 639--641
[][]\OT1/cmr/m/n/10 The word ``Ex-am-ple'' in the left mar-gin is printed with 
the com-mand []\OT1/cmtt/m/n/10 \marginlabel{Example:} 
 []


Underfull \hbox (badness 10000) in paragraph at lines 651--657

 []

[16]
Overfull \hbox (3.26802pt too wide) in paragraph at lines 730--733
\OT1/cmr/m/n/10 mar-gin. The de-fault is right jus-ti-fied which will be achiev
ed with \OT1/cmtt/m/n/10 \descriptionleftfalse 
 []

[17])
No file layout_e.ind.
[18] (./layout_e.aux) ) 
Here is how much of TeX's memory you used:
 451 strings out of 493117
 5107 string characters out of 6135434
 60093 words of memory out of 5000000
 3957 multiletter control sequences out of 15000+600000
 12257 words of font info for 43 fonts, out of 8000000 for 9000
 1141 hyphenation exceptions out of 8191
 27i,17n,22p,177b,431s stack positions out of 5000i,500n,10000p,200000b,80000s
</usr/local/texlive/2014/texmf-dist/fonts/type1/public/a
msfonts/cm/cmbx10.pfb></usr/local/texlive/2014/texmf-dist/fonts/type1/public/am
sfonts/cm/cmbx12.pfb></usr/local/texlive/2014/texmf-dist/fonts/type1/public/ams
fonts/cm/cmbx7.pfb></usr/local/texlive/2014/texmf-dist/fonts/type1/public/amsfo
nts/cm/cmbx8.pfb></usr/local/texlive/2014/texmf-dist/fonts/type1/public/amsfont
s/cm/cmbx9.pfb></usr/local/texlive/2014/texmf-dist/fonts/type1/public/amsfonts/
cm/cmcsc10.pfb></usr/local/texlive/2014/texmf-dist/fonts/type1/public/amsfonts/
cm/cmmi10.pfb></usr/local/texlive/2014/texmf-dist/fonts/type1/public/amsfonts/c
m/cmmi9.pfb></usr/local/texlive/2014/texmf-dist/fonts/type1/public/amsfonts/cm/
cmr10.pfb></usr/local/texlive/2014/texmf-dist/fonts/type1/public/amsfonts/cm/cm
r6.pfb></usr/local/texlive/2014/texmf-dist/fonts/type1/public/amsfonts/cm/cmr7.
pfb></usr/local/texlive/2014/texmf-dist/fonts/type1/public/amsfonts/cm/cmr8.pfb
></usr/local/texlive/2014/texmf-dist/fonts/type1/public/amsfonts/cm/cmr9.pfb></
usr/local/texlive/2014/texmf-dist/fonts/type1/public/amsfonts/cm/cmsl10.pfb></u
sr/local/texlive/2014/texmf-dist/fonts/type1/public/amsfonts/cm/cmsl8.pfb></usr
/local/texlive/2014/texmf-dist/fonts/type1/public/amsfonts/cm/cmsy10.pfb></usr/
local/texlive/2014/texmf-dist/fonts/type1/public/amsfonts/cm/cmsy6.pfb></usr/lo
cal/texlive/2014/texmf-dist/fonts/type1/public/amsfonts/cm/cmsy7.pfb></usr/loca
l/texlive/2014/texmf-dist/fonts/type1/public/amsfonts/cm/cmsy9.pfb></usr/local/
texlive/2014/texmf-dist/fonts/type1/public/amsfonts/cm/cmti10.pfb></usr/local/t
exlive/2014/texmf-dist/fonts/type1/public/amsfonts/cm/cmti8.pfb></usr/local/tex
live/2014/texmf-dist/fonts/type1/public/amsfonts/cm/cmtt10.pfb></usr/local/texl
ive/2014/texmf-dist/fonts/type1/public/amsfonts/cm/cmtt8.pfb></usr/local/texliv
e/2014/texmf-dist/fonts/type1/public/amsfonts/cm/cmtt9.pfb></usr/local/texlive/
2014/texmf-dist/fonts/type1/public/amsfonts/latxfont/line10.pfb>
Output written on layout_e.pdf (18 pages, 310291 bytes).
PDF statistics:
 163 PDF objects out of 1000 (max. 8388607)
 116 compressed objects within 2 object streams
 0 named destinations out of 1000 (max. 500000)
 1 words of extra memory for PDF output out of 10000 (max. 10000000)

