\BOOKMARK [1][-]{section.1}{Project\0401\040-\040Mouse\040Theremin}{}% 1
\BOOKMARK [1][-]{section.2}{wazzup}{}% 2
\BOOKMARK [2][-]{subsection.2.1}{Author,\040Layout\040Designer\040and\040Compositor}{section.2}% 3
\BOOKMARK [2][-]{subsection.2.2}{Changing\040the\040Layout}{section.2}% 4
\BOOKMARK [1][-]{section.3}{The\040Art\040of\040Layout-Design}{}% 5
\BOOKMARK [2][-]{subsection.3.1}{Common\040Rules}{section.3}% 6
\BOOKMARK [2][-]{subsection.3.2}{Special\040note\040for\040technical\040descriptions}{section.3}% 7
\BOOKMARK [1][-]{section.4}{How\040to\040change\040a\040LaTeX\040layout?}{}% 8
\BOOKMARK [2][-]{subsection.4.1}{Advantages\040and\040Disadvantages\040of\040the\040text\040processing\040system\040LaTeX}{section.4}% 9
\BOOKMARK [2][-]{subsection.4.2}{Input\040files\040and\040class\040files}{section.4}% 10
\BOOKMARK [2][-]{subsection.4.3}{Class\040files\040and\040Packages}{section.4}% 11
\BOOKMARK [2][-]{subsection.4.4}{Changing\040the\040layout,\040step\040by\040step}{section.4}% 12
\BOOKMARK [2][-]{subsection.4.5}{A\040simple\040example\040\(Equation\040numbers\)}{section.4}% 13
\BOOKMARK [2][-]{subsection.4.6}{A\040more\040complex\040example\040\(Reference\040Manual\)}{section.4}% 14
\BOOKMARK [1][-]{section*.2}{Appendix}{}% 15
\BOOKMARK [1][-]{appendix.A}{The\040page\040structure\040in\040LaTeX}{}% 16
\BOOKMARK [1][-]{appendix.B}{Description\040of\040the\040refman-class\040family}{}% 17
\BOOKMARK [2][-]{subsection.B.1}{Invocation}{appendix.B}% 18
\BOOKMARK [2][-]{subsection.B.2}{Options}{appendix.B}% 19
\BOOKMARK [2][-]{subsection.B.3}{Layout\040changes}{appendix.B}% 20
\BOOKMARK [2][-]{subsection.B.4}{Footnotes}{appendix.B}% 21
\BOOKMARK [2][-]{subsection.B.5}{Additional\040commands}{appendix.B}% 22
